<?xml version='1.0' encoding='UTF-8'?>
<testsuite hostname="hamna-Lenovo-G40-80" name="datapath.toptest" tests="1" errors="0" failures="0" skipped="0" time="4.602" timestamp="2022-11-06T16:07:48">
                     <properties>
[...]
</properties>
                     <testcase classname="datapath.toptest" name="top Test" time="4.602">
                                                 
                                               </testcase>
                     <system-out><![CDATA[]]></system-out>
                     <system-err><![CDATA[]]></system-err>
                   </testsuite>